<?xml version="1.0" encoding="UTF-8"?>
<!-- Generated by org.testng.reporters.JUnitReportReporter -->
<testsuite hostname="DESKTOP-LPCAOOD" failures="0" tests="5" name="plainJSONString.RequestUsingPlainJSONTest" time="3.904" errors="0" timestamp="2024-06-21T15:29:12 EDT" skipped="0">
  <testcase classname="plainJSONString.RequestUsingPlainJSONTest" name="testGetUser" time="2.034"/>
  <system-out/>
  <testcase classname="plainJSONString.RequestUsingPlainJSONTest" name="testCreateUser" time="0.438"/>
  <system-out/>
  <testcase classname="plainJSONString.RequestUsingPlainJSONTest" name="testGetUserID" time="0.640"/>
  <system-out/>
  <testcase classname="plainJSONString.RequestUsingPlainJSONTest" name="testUpdateUser" time="0.396"/>
  <system-out/>
  <testcase classname="plainJSONString.RequestUsingPlainJSONTest" name="testDeleteUser" time="0.396"/>
  <system-out/>
</testsuite> <!-- plainJSONString.RequestUsingPlainJSONTest -->
