<?xml version="1.0" encoding="UTF-8"?>
<!-- Generated by org.testng.reporters.JUnitReportReporter -->
<testsuite hostname="DESKTOP-LPCAOOD" failures="0" tests="5" name="testCasesUsingPOJO.RequestUsingPOJONOT" time="17.238" errors="0" timestamp="2024-06-21T19:41:52 EDT" skipped="0">
  <testcase classname="testCasesUsingPOJO.RequestUsingPOJONOT" name="testGetUser" time="14.873"/>
  <system-out/>
  <testcase classname="testCasesUsingPOJO.RequestUsingPOJONOT" name="testCreateUser" time="0.782"/>
  <system-out/>
  <testcase classname="testCasesUsingPOJO.RequestUsingPOJONOT" name="testGetUserID" time="0.682"/>
  <system-out/>
  <testcase classname="testCasesUsingPOJO.RequestUsingPOJONOT" name="testUpdateUser" time="0.479"/>
  <system-out/>
  <testcase classname="testCasesUsingPOJO.RequestUsingPOJONOT" name="testDeleteUser" time="0.422"/>
  <system-out/>
</testsuite> <!-- testCasesUsingPOJO.RequestUsingPOJONOT -->
