<?xml version="1.0" encoding="UTF-8"?>
<!-- Generated by org.testng.reporters.JUnitReportReporter -->
<testsuite hostname="DESKTOP-LPCAOOD" failures="0" tests="2" name="UsingExcelandDataProvider.RequestUsingDataProvider" time="8.103" errors="0" timestamp="2024-06-24T23:41:08 EDT" skipped="0">
  <testcase classname="UsingExcelandDataProvider.RequestUsingDataProvider" name="runTestSequence" time="5.065"/>
  <system-out/>
  <testcase classname="UsingExcelandDataProvider.RequestUsingDataProvider" name="runTestSequence" time="3.038"/>
  <system-out/>
</testsuite> <!-- UsingExcelandDataProvider.RequestUsingDataProvider -->
