<?xml version="1.0" encoding="UTF-8"?>
<!-- Generated by org.testng.reporters.JUnitReportReporter -->
<testsuite hostname="DESKTOP-LPCAOOD" failures="0" tests="4" name="testCasesUsingPlainJSONString.GetRequest" time="3.646" errors="0" timestamp="2024-06-21T15:04:31 EDT" skipped="0">
  <testcase classname="testCasesUsingPlainJSONString.GetRequest" name="testGetUser" time="2.437"/>
  <system-out/>
  <testcase classname="testCasesUsingPlainJSONString.GetRequest" name="testCreateUser" time="0.433"/>
  <system-out/>
  <testcase classname="testCasesUsingPlainJSONString.GetRequest" name="testUpdateUser" time="0.392"/>
  <system-out/>
  <testcase classname="testCasesUsingPlainJSONString.GetRequest" name="testDeleteUser" time="0.384"/>
  <system-out/>
</testsuite> <!-- testCasesUsingPlainJSONString.GetRequest -->
