<?xml version="1.0" encoding="UTF-8"?>
<!-- Generated by org.testng.reporters.JUnitReportReporter -->
<testsuite hostname="DESKTOP-LPCAOOD" failures="0" tests="4" name="testCasesUsingPlainJSONString.RequestUsingPlainJSONTest" time="3.717" errors="0" timestamp="2024-06-21T15:09:03 EDT" skipped="0">
  <testcase classname="testCasesUsingPlainJSONString.RequestUsingPlainJSONTest" name="testGetUser" time="2.448"/>
  <system-out/>
  <testcase classname="testCasesUsingPlainJSONString.RequestUsingPlainJSONTest" name="testCreateUser" time="0.430"/>
  <system-out/>
  <testcase classname="testCasesUsingPlainJSONString.RequestUsingPlainJSONTest" name="testUpdateUser" time="0.421"/>
  <system-out/>
  <testcase classname="testCasesUsingPlainJSONString.RequestUsingPlainJSONTest" name="testDeleteUser" time="0.418"/>
  <system-out/>
</testsuite> <!-- testCasesUsingPlainJSONString.RequestUsingPlainJSONTest -->
