<?xml version="1.0" encoding="UTF-8"?>
<!-- Generated by org.testng.reporters.JUnitReportReporter -->
<testsuite hostname="DESKTOP-LPCAOOD" failures="0" tests="2" name="dataDriven.RequestUsingDataProviderNOT" time="6.452" errors="0" timestamp="2024-06-21T20:37:33 EDT" skipped="0">
  <testcase classname="dataDriven.RequestUsingDataProviderNOT" name="runTestSequence" time="4.065"/>
  <system-out/>
  <testcase classname="dataDriven.RequestUsingDataProviderNOT" name="runTestSequence" time="2.387"/>
  <system-out/>
</testsuite> <!-- dataDriven.RequestUsingDataProviderNOT -->
