<?xml version="1.0" encoding="UTF-8"?>
<!-- Generated by org.testng.reporters.JUnitReportReporter -->
<testsuite hostname="DESKTOP-LPCAOOD" failures="0" tests="5" name="testCasesUsingPOJO.RequestUsingPOJONOT" time="4.191" errors="0" timestamp="2024-06-21T17:01:22 EDT" skipped="0">
  <testcase classname="testCasesUsingPOJO.RequestUsingPOJONOT" name="testGetUser" time="2.017"/>
  <system-out/>
  <testcase classname="testCasesUsingPOJO.RequestUsingPOJONOT" name="testCreateUser" time="0.662"/>
  <system-out/>
  <testcase classname="testCasesUsingPOJO.RequestUsingPOJONOT" name="testGetUserID" time="0.665"/>
  <system-out/>
  <testcase classname="testCasesUsingPOJO.RequestUsingPOJONOT" name="testUpdateUser" time="0.441"/>
  <system-out/>
  <testcase classname="testCasesUsingPOJO.RequestUsingPOJONOT" name="testDeleteUser" time="0.406"/>
  <system-out/>
</testsuite> <!-- testCasesUsingPOJO.RequestUsingPOJONOT -->
