<?xml version="1.0" encoding="UTF-8"?>
<!-- Generated by org.testng.reporters.JUnitReportReporter -->
<testsuite hostname="DESKTOP-LPCAOOD" failures="0" tests="1" name="dataDriven.RequestUsingExcelNOT" time="6.793" errors="0" timestamp="2024-06-24T16:14:38 EDT" skipped="0">
  <testcase classname="dataDriven.RequestUsingExcelNOT" name="testCRUDUsers" time="6.793"/>
  <system-out/>
</testsuite> <!-- dataDriven.RequestUsingExcelNOT -->
