<?xml version="1.0" encoding="UTF-8"?>
<!-- Generated by org.testng.reporters.JUnitReportReporter -->
<testsuite hostname="DESKTOP-LPCAOOD" failures="0" tests="5" name="plainJSONString.RequestUsingPlainJSONTest" time="4.933" errors="0" timestamp="2024-06-24T23:27:58 EDT" skipped="0">
  <testcase classname="plainJSONString.RequestUsingPlainJSONTest" name="testGetUser" time="2.077"/>
  <system-out/>
  <testcase classname="plainJSONString.RequestUsingPlainJSONTest" name="testCreateUser" time="1.643"/>
  <system-out/>
  <testcase classname="plainJSONString.RequestUsingPlainJSONTest" name="testGetUserID" time="0.423"/>
  <system-out/>
  <testcase classname="plainJSONString.RequestUsingPlainJSONTest" name="testUpdateUser" time="0.400"/>
  <system-out/>
  <testcase classname="plainJSONString.RequestUsingPlainJSONTest" name="testDeleteUser" time="0.390"/>
  <system-out/>
</testsuite> <!-- plainJSONString.RequestUsingPlainJSONTest -->
