<?xml version="1.0" encoding="UTF-8"?>
<!-- Generated by org.testng.reporters.JUnitReportReporter -->
<testsuite hostname="DESKTOP-LPCAOOD" failures="0" tests="5" name="testCasesUsingMap.RequestUsingMapTest" time="4.866" errors="0" timestamp="2024-06-24T23:30:13 EDT" skipped="0">
  <testcase classname="testCasesUsingMap.RequestUsingMapTest" name="testGetUser" time="2.111"/>
  <system-out/>
  <testcase classname="testCasesUsingMap.RequestUsingMapTest" name="testCreateUser" time="1.496"/>
  <system-out/>
  <testcase classname="testCasesUsingMap.RequestUsingMapTest" name="testGetUserID" time="0.425"/>
  <system-out/>
  <testcase classname="testCasesUsingMap.RequestUsingMapTest" name="testUpdateUser" time="0.433"/>
  <system-out/>
  <testcase classname="testCasesUsingMap.RequestUsingMapTest" name="testDeleteUser" time="0.401"/>
  <system-out/>
</testsuite> <!-- testCasesUsingMap.RequestUsingMapTest -->
