<?xml version="1.0" encoding="UTF-8"?>
<!-- Generated by org.testng.reporters.JUnitReportReporter -->
<testsuite hostname="DESKTOP-LPCAOOD" failures="0" tests="5" name="testCasesUsingMap.RequestUsingMapTest" time="4.270" errors="0" timestamp="2024-06-21T16:32:24 EDT" skipped="0">
  <testcase classname="testCasesUsingMap.RequestUsingMapTest" name="testGetUser" time="2.015"/>
  <system-out/>
  <testcase classname="testCasesUsingMap.RequestUsingMapTest" name="testCreateUser" time="0.660"/>
  <system-out/>
  <testcase classname="testCasesUsingMap.RequestUsingMapTest" name="testGetUserID" time="0.785"/>
  <system-out/>
  <testcase classname="testCasesUsingMap.RequestUsingMapTest" name="testUpdateUser" time="0.422"/>
  <system-out/>
  <testcase classname="testCasesUsingMap.RequestUsingMapTest" name="testDeleteUser" time="0.388"/>
  <system-out/>
</testsuite> <!-- testCasesUsingMap.RequestUsingMapTest -->
