<?xml version="1.0" encoding="UTF-8"?>
<!-- Generated by org.testng.reporters.JUnitReportReporter -->
<testsuite hostname="DESKTOP-LPCAOOD" failures="0" tests="5" name="testCasesUsingPOJO.RequestUsingPOJO" time="4.999" errors="0" timestamp="2024-06-24T23:33:12 EDT" skipped="0">
  <testcase classname="testCasesUsingPOJO.RequestUsingPOJO" name="testGetUser" time="2.090"/>
  <system-out/>
  <testcase classname="testCasesUsingPOJO.RequestUsingPOJO" name="testCreateUser" time="1.455"/>
  <system-out/>
  <testcase classname="testCasesUsingPOJO.RequestUsingPOJO" name="testGetUserID" time="0.577"/>
  <system-out/>
  <testcase classname="testCasesUsingPOJO.RequestUsingPOJO" name="testUpdateUser" time="0.487"/>
  <system-out/>
  <testcase classname="testCasesUsingPOJO.RequestUsingPOJO" name="testDeleteUser" time="0.390"/>
  <system-out/>
</testsuite> <!-- testCasesUsingPOJO.RequestUsingPOJO -->
