<?xml version="1.0" encoding="UTF-8"?>
<!-- Generated by org.testng.reporters.JUnitReportReporter -->
<testsuite hostname="DESKTOP-LPCAOOD" failures="0" tests="1" name="UsingExcelandDataProvider.RequestUsingExcel" time="7.315" errors="0" timestamp="2024-06-24T16:23:10 EDT" skipped="0">
  <testcase classname="UsingExcelandDataProvider.RequestUsingExcel" name="testCRUDUsers" time="7.315"/>
  <system-out/>
</testsuite> <!-- UsingExcelandDataProvider.RequestUsingExcel -->
